*** Starting uWSGI 1.9.18.2 (64bit) on [Tue Nov  5 23:52:18 2013] ***
compiled with version: 4.4.7 20120313 (Red Hat 4.4.7-3) on 05 November 2013 13:50:36
os: Linux-2.6.32-358.6.1.el6.x86_64 #1 SMP Tue Apr 23 19:29:00 UTC 2013
nodename: chappyhome
machine: x86_64
clock source: unix
detected number of CPU cores: 2
current working directory: /opt/bin
detected binary path: /usr/local/bin/uwsgi
!!! no internal routing support, rebuild with pcre support !!!
uWSGI running as root, you can use --uid/--gid/--chroot options
*** WARNING: you are running uWSGI as root !!! (use the --uid flag) *** 
*** WARNING: you are running uWSGI without its master process manager ***
your processes number limit is 14589
your memory page size is 4096 bytes
detected max file descriptor number: 1024
lock engine: pthread robust mutexes
thunder lock: disabled (you can enable it with --thunder-lock)
uwsgi socket 0 bound to TCP address :8077 fd 3
Python version: 2.7.5 (default, Oct 13 2013, 07:59:36)  [GCC 4.4.7 20120313 (Red Hat 4.4.7-3)]
*** Python threads support is disabled. You can enable it with --enable-threads ***
Python main interpreter initialized at 0x1ffbf60
your server socket listen backlog is limited to 100 connections
your mercy for graceful operations on workers is 60 seconds
mapped 291200 bytes (284 KB) for 4 cores
*** Operational MODE: preforking ***
WSGI app 0 (mountpoint='') ready in 0 seconds on interpreter 0x1ffbf60 pid: 2075 (default app)
*** uWSGI is running in multiple interpreter mode ***
spawned uWSGI worker 1 (pid: 2075, cores: 1)
spawned uWSGI worker 2 (pid: 2085, cores: 1)
spawned uWSGI worker 3 (pid: 2086, cores: 1)
spawned uWSGI worker 4 (pid: 2087, cores: 1)
